# JRE version: OpenJDK Runtime Environment Temurin-17.0.3+7 (17.0.3+7) (build 17.0.3+7)
# Java VM: OpenJDK 64-Bit Server VM Temurin-17.0.3+7 (17.0.3+7, mixed mode, emulated-client, tiered, compressed oops, compressed class ptrs, g1 gc, windows-amd64)
GC Precious Log:
 CPUs: 8 total, 8 available
 Memory: 16276M
 Large Page Support: Disabled
 NUMA Support: Disabled
 Compressed Oops: Enabled (Zero based)
 Heap Region Size: 2M
 Heap Min Capacity: 8M
 Heap Initial Capacity: 256M
 Heap Max Capacity: 4070M
 Pre-touch: Disabled
 Parallel Workers: 8
 Concurrent Workers: 2
 Concurrent Refinement Workers: 8
 Periodic GC: Disabled
Heap:
 garbage-first heap   total 90112K, used 26157K [0x0000000701a00000, 0x0000000800000000)
  region size 2048K, 1 young (2048K), 0 survivors (0K)
 Metaspace       used 44659K, committed 45248K, reserved 1089536K
  class space    used 6042K, committed 6272K, reserved 1048576K
GC Heap History (20 events):
Event: 288846.314 GC heap before
{Heap before GC invocations=28461 (full 28433):
 garbage-first heap   total 90112K, used 26157K [0x0000000701a00000, 0x0000000800000000)
  region size 2048K, 1 young (2048K), 0 survivors (0K)
 Metaspace       used 44659K, committed 45248K, reserved 1089536K
  class space    used 6042K, committed 6272K, reserved 1048576K
}
Event: 288846.435 GC heap after
{Heap after GC invocations=28462 (full 28434):
 garbage-first heap   total 90112K, used 26157K [0x0000000701a00000, 0x0000000800000000)
  region size 2048K, 0 young (0K), 0 survivors (0K)
 Metaspace       used 44659K, committed 45248K, reserved 1089536K
  class space    used 6042K, committed 6272K, reserved 1048576K
}
Event: 288857.171 GC heap before
{Heap before GC invocations=28462 (full 28434):
 garbage-first heap   total 90112K, used 26157K [0x0000000701a00000, 0x0000000800000000)
  region size 2048K, 1 young (2048K), 0 survivors (0K)
 Metaspace       used 44659K, committed 45248K, reserved 1089536K
  class space    used 6042K, committed 6272K, reserved 1048576K
}
Event: 288857.296 GC heap after
{Heap after GC invocations=28463 (full 28435):
 garbage-first heap   total 90112K, used 26157K [0x0000000701a00000, 0x0000000800000000)
  region size 2048K, 0 young (0K), 0 survivors (0K)
 Metaspace       used 44659K, committed 45248K, reserved 1089536K
  class space    used 6042K, committed 6272K, reserved 1048576K
}
Event: 288868.061 GC heap before
{Heap before GC invocations=28463 (full 28435):
 garbage-first heap   total 90112K, used 26157K [0x0000000701a00000, 0x0000000800000000)
  region size 2048K, 1 young (2048K), 0 survivors (0K)
 Metaspace       used 44659K, committed 45248K, reserved 1089536K
  class space    used 6042K, committed 6272K, reserved 1048576K
}
Event: 288868.190 GC heap after
{Heap after GC invocations=28464 (full 28436):
 garbage-first heap   total 90112K, used 26157K [0x0000000701a00000, 0x0000000800000000)
  region size 2048K, 0 young (0K), 0 survivors (0K)
 Metaspace       used 44659K, committed 45248K, reserved 1089536K
  class space    used 6042K, committed 6272K, reserved 1048576K
}
Event: 288878.759 GC heap before
{Heap before GC invocations=28464 (full 28436):
 garbage-first heap   total 90112K, used 26157K [0x0000000701a00000, 0x0000000800000000)
  region size 2048K, 1 young (2048K), 0 survivors (0K)
 Metaspace       used 44659K, committed 45248K, reserved 1089536K
  class space    used 6042K, committed 6272K, reserved 1048576K
}
Event: 288878.869 GC heap after
{Heap after GC invocations=28465 (full 28437):
 garbage-first heap   total 90112K, used 26157K [0x0000000701a00000, 0x0000000800000000)
  region size 2048K, 0 young (0K), 0 survivors (0K)
 Metaspace       used 44659K, committed 45248K, reserved 1089536K
  class space    used 6042K, committed 6272K, reserved 1048576K
}
Event: 288889.512 GC heap before
{Heap before GC invocations=28465 (full 28437):
 garbage-first heap   total 90112K, used 26157K [0x0000000701a00000, 0x0000000800000000)
  region size 2048K, 1 young (2048K), 0 survivors (0K)
 Metaspace       used 44659K, committed 45248K, reserved 1089536K
  class space    used 6042K, committed 6272K, reserved 1048576K
}
Event: 288889.625 GC heap after
{Heap after GC invocations=28466 (full 28438):
 garbage-first heap   total 90112K, used 26157K [0x0000000701a00000, 0x0000000800000000)
  region size 2048K, 0 young (0K), 0 survivors (0K)
 Metaspace       used 44659K, committed 45248K, reserved 1089536K
  class space    used 6042K, committed 6272K, reserved 1048576K
}
Event: 288900.095 GC heap before
{Heap before GC invocations=28466 (full 28438):
 garbage-first heap   total 90112K, used 26157K [0x0000000701a00000, 0x0000000800000000)
  region size 2048K, 1 young (2048K), 0 survivors (0K)
 Metaspace       used 44659K, committed 45248K, reserved 1089536K
  class space    used 6042K, committed 6272K, reserved 1048576K
}
Event: 288900.178 GC heap after
{Heap after GC invocations=28467 (full 28439):
 garbage-first heap   total 90112K, used 26157K [0x0000000701a00000, 0x0000000800000000)
  region size 2048K, 0 young (0K), 0 survivors (0K)
 Metaspace       used 44659K, committed 45248K, reserved 1089536K
  class space    used 6042K, committed 6272K, reserved 1048576K
}
Event: 288910.423 GC heap before
{Heap before GC invocations=28467 (full 28439):
 garbage-first heap   total 90112K, used 26157K [0x0000000701a00000, 0x0000000800000000)
  region size 2048K, 1 young (2048K), 0 survivors (0K)
 Metaspace       used 44659K, committed 45248K, reserved 1089536K
  class space    used 6042K, committed 6272K, reserved 1048576K
}
Event: 288910.509 GC heap after
{Heap after GC invocations=28468 (full 28440):
 garbage-first heap   total 90112K, used 26157K [0x0000000701a00000, 0x0000000800000000)
  region size 2048K, 0 young (0K), 0 survivors (0K)
 Metaspace       used 44659K, committed 45248K, reserved 1089536K
  class space    used 6042K, committed 6272K, reserved 1048576K
}
Event: 288921.098 GC heap before
{Heap before GC invocations=28468 (full 28440):
 garbage-first heap   total 90112K, used 26157K [0x0000000701a00000, 0x0000000800000000)
  region size 2048K, 1 young (2048K), 0 survivors (0K)
 Metaspace       used 44659K, committed 45248K, reserved 1089536K
  class space    used 6042K, committed 6272K, reserved 1048576K
}
Event: 288921.184 GC heap after
{Heap after GC invocations=28469 (full 28441):
 garbage-first heap   total 90112K, used 26157K [0x0000000701a00000, 0x0000000800000000)
  region size 2048K, 0 young (0K), 0 survivors (0K)
 Metaspace       used 44659K, committed 45248K, reserved 1089536K
  class space    used 6042K, committed 6272K, reserved 1048576K
}
Event: 288931.739 GC heap before
{Heap before GC invocations=28469 (full 28441):
 garbage-first heap   total 90112K, used 26157K [0x0000000701a00000, 0x0000000800000000)
  region size 2048K, 1 young (2048K), 0 survivors (0K)
 Metaspace       used 44659K, committed 45248K, reserved 1089536K
  class space    used 6042K, committed 6272K, reserved 1048576K
}
Event: 288931.825 GC heap after
{Heap after GC invocations=28470 (full 28442):
 garbage-first heap   total 90112K, used 26157K [0x0000000701a00000, 0x0000000800000000)
  region size 2048K, 0 young (0K), 0 survivors (0K)
 Metaspace       used 44659K, committed 45248K, reserved 1089536K
  class space    used 6042K, committed 6272K, reserved 1048576K
}
Event: 288942.354 GC heap before
{Heap before GC invocations=28470 (full 28442):
 garbage-first heap   total 90112K, used 26157K [0x0000000701a00000, 0x0000000800000000)
  region size 2048K, 1 young (2048K), 0 survivors (0K)
 Metaspace       used 44659K, committed 45248K, reserved 1089536K
  class space    used 6042K, committed 6272K, reserved 1048576K
}
Event: 288942.454 GC heap after
{Heap after GC invocations=28471 (full 28443):
 garbage-first heap   total 90112K, used 26157K [0x0000000701a00000, 0x0000000800000000)
  region size 2048K, 0 young (0K), 0 survivors (0K)
 Metaspace       used 44659K, committed 45248K, reserved 1089536K
  class space    used 6042K, committed 6272K, reserved 1048576K
}

